<?xml version="1.0" encoding="UTF-8"?>
<testsuite xmlns:xsi="http://www.w3.org/2001/XMLSchema-instance" xsi:schemaLocation="https://maven.apache.org/surefire/maven-surefire-plugin/xsd/surefire-test-report.xsd" name="TestSuite" time="181.783" tests="2" errors="0" skipped="0" failures="1">
  <properties>
[...]
</properties>
  <testcase name="testVDRFlowForAllCountry" classname="org.fwcms.cdc.vdr.VDRAllCountrySubmissionTest" time="72.425"/>
  <testcase name="testVDRFlow" classname="org.fwcms.cdc.vdr.VDRManualEntryHappyFlowTest" time="78.619">
    <failure message="Timed out after 60 seconds waiting for visibility of [[FirefoxDriver: firefox on WINDOWS (3c82282a-4d17-457a-8a5e-13a96d14a0b3)] -&gt; css selector: div[id=&apos;save_worker_details&apos;]&gt;span:nth-child(2)&gt;span]&#10;Build info: version: &apos;2.52.0&apos;, revision: &apos;4c2593cfc3689a7fcd7be52549167e5ccc93ad28&apos;, time: &apos;2016-02-11 11:22:43&apos;&#10;System info: host: &apos;QA1-PC&apos;, ip: &apos;10.0.1.50&apos;, os.name: &apos;Windows 7&apos;, os.arch: &apos;amd64&apos;, os.version: &apos;6.1&apos;, java.version: &apos;1.7.0_67&apos;&#10;Session ID: 3c82282a-4d17-457a-8a5e-13a96d14a0b3&#10;Driver info: org.openqa.selenium.firefox.FirefoxDriver&#10;Capabilities [{platform=WINDOWS, acceptSslCerts=true, javascriptEnabled=true, cssSelectorsEnabled=true, databaseEnabled=true, browserName=firefox, handlesAlerts=true, nativeEvents=false, webStorageEnabled=true, rotatable=false, locationContextEnabled=true, applicationCacheEnabled=true, takesScreenshot=true, version=46.0}]" type="org.openqa.selenium.TimeoutException">org.openqa.selenium.TimeoutException: 
Timed out after 60 seconds waiting for visibility of [[FirefoxDriver: firefox on WINDOWS (3c82282a-4d17-457a-8a5e-13a96d14a0b3)] -> css selector: div[id='save_worker_details']>span:nth-child(2)>span]
Build info: version: '2.52.0', revision: '4c2593cfc3689a7fcd7be52549167e5ccc93ad28', time: '2016-02-11 11:22:43'
System info: host: 'QA1-PC', ip: '10.0.1.50', os.name: 'Windows 7', os.arch: 'amd64', os.version: '6.1', java.version: '1.7.0_67'
Session ID: 3c82282a-4d17-457a-8a5e-13a96d14a0b3
Driver info: org.openqa.selenium.firefox.FirefoxDriver
Capabilities [{platform=WINDOWS, acceptSslCerts=true, javascriptEnabled=true, cssSelectorsEnabled=true, databaseEnabled=true, browserName=firefox, handlesAlerts=true, nativeEvents=false, webStorageEnabled=true, rotatable=false, locationContextEnabled=true, applicationCacheEnabled=true, takesScreenshot=true, version=46.0}]
	at org.fwcms.cdc.vdr.VDRManualEntryHappyFlowTest.testVDRFlow(VDRManualEntryHappyFlowTest.java:59)
</failure>
    <system-out><![CDATA[11-05-2017 16:32:23,322 [main] INFO [olo.initiator.DriverConfiguration]  - Trying to Stop WebDriver
11-05-2017 16:32:24,716 [main] INFO [olo.initiator.DriverConfiguration]  - WebDriver Stopped
11-05-2017 16:32:31,724 [main] INFO [olo.initiator.DriverConfiguration]  - Setting pageLoadTimeout to 60 seconds
11-05-2017 16:32:31,863 [main] INFO [olo.initiator.DriverConfiguration]  - Setting implicitlyWait to 60 seconds
11-05-2017 16:32:31,877 [main] INFO [olo.initiator.DriverConfiguration]  - Trying to maximize and focus the window
11-05-2017 16:32:31,910 [main] INFO [olo.initiator.DriverConfiguration]  - setting up browser preferences completed
11-05-2017 16:32:31,910 [main] INFO [olo.initiator.InitiatorUtil]  - Trying to open url https://fw2.fwcms.com.my/cdc
11-05-2017 16:32:33,499 [main] INFO [olo.initiator.InitiatorUtil]  - current url is https://fwsso2.fwcms.com.my/login?service=https%3a%2f%2ffw2.fwcms.com.my%2fcdc%2f
11-05-2017 16:32:33,500 [main] INFO [olo.listeners.InvokedMethodListener]  - Test execution started : testVDRFlow
11-05-2017 16:32:33,673 [main] INFO [pages.cdc.LoginPage]  - typing username 'rahima'
11-05-2017 16:32:33,772 [main] INFO [pages.cdc.LoginPage]  - typing password 'P@ssw0rd'
11-05-2017 16:32:33,820 [main] INFO [pages.cdc.LoginPage]  - clicking login button
11-05-2017 16:32:34,433 [main] INFO [cdc.vdr.HomePage]  - clicking new vdr link in sticky actions
11-05-2017 16:32:35,771 [main] INFO [cdc.vdr.HomePage]  - clicking sticky actions
11-05-2017 16:32:44,714 [main] INFO [fwcms.pages.CommonElements]  - waiting for loading message to disappear
11-05-2017 16:32:44,736 [main] INFO [cdc.vdr.VdrDetailsPage]  - searching kdn by kdnNumber
11-05-2017 16:32:47,122 [main] INFO [cdc.vdr.WorkerSelectionPage]  - entering agent id and verifying agent details popup
11-05-2017 16:32:48,153 [main] INFO [cdc.vdr.WorkerSelectionPage]  - Waiting for the auto suggest values to appear
11-05-2017 16:32:50,607 [main] INFO [cdc.vdr.WorkerSelectionPage]  - select Enter Workers Details Manually RadioButton
11-05-2017 16:32:50,639 [main] INFO [cdc.vdr.WorkerSelectionPage]  - Click Add Workers LinkText
11-05-2017 16:32:50,868 [main] INFO [cdc.vdr.WorkerSelectionPage]  - Enter passport number PHL040687
11-05-2017 16:32:51,059 [main] INFO [cdc.vdr.WorkerSelectionPage]  - Click Search Button 
11-05-2017 16:32:51,138 [main] INFO [cdc.vdr.WorkerSelectionPage]  - Selecting Worker Check box
11-05-2017 16:32:51,752 [main] INFO [cdc.vdr.WorkerSelectionPage]  - Clicking Save Button
11-05-2017 16:33:52,110 [main] INFO [olo.listeners.InvokedMethodListener]  - Test execution completed : testVDRFlow
11-05-2017 16:33:52,110 [main] INFO [olo.listeners.InvokedMethodListener]  - Test status : testVDRFlow : FAIL
]]></system-out>
  </testcase>
</testsuite>