<?xml version="1.0" encoding="UTF-8"?>
<testsuite xmlns:xsi="http://www.w3.org/2001/XMLSchema-instance" xsi:schemaLocation="https://maven.apache.org/surefire/maven-surefire-plugin/xsd/surefire-test-report.xsd" name="TestSuite" time="130.506" tests="2" errors="0" skipped="0" failures="1">
  <properties>
[...]
</properties>
  <testcase name="testVDRFlowForAllCountry" classname="org.fwcms.cdc.vdr.VDRAllCountrySubmissionTest" time="59.41"/>
  <testcase name="testVDRVerificationsAndValidations" classname="org.fwcms.cdc.vdr.VDRVerificationAndValidationTest" time="47.713">
    <failure message="Element is not clickable at point (1064.5, 80.89999389648438). Other element would receive the click: &lt;div class=&quot;formErrorContent&quot;&gt;&lt;/div&gt;&#10;Command duration or timeout: 71 milliseconds&#10;Build info: version: &apos;2.52.0&apos;, revision: &apos;4c2593cfc3689a7fcd7be52549167e5ccc93ad28&apos;, time: &apos;2016-02-11 11:22:43&apos;&#10;System info: host: &apos;QA1-PC&apos;, ip: &apos;10.0.1.50&apos;, os.name: &apos;Windows 7&apos;, os.arch: &apos;amd64&apos;, os.version: &apos;6.1&apos;, java.version: &apos;1.7.0_67&apos;&#10;Session ID: 102931c9-2da3-4f9f-8ee9-493cabb142b5&#10;Driver info: org.openqa.selenium.firefox.FirefoxDriver&#10;Capabilities [{platform=WINDOWS, acceptSslCerts=true, javascriptEnabled=true, cssSelectorsEnabled=true, databaseEnabled=true, browserName=firefox, handlesAlerts=true, nativeEvents=false, webStorageEnabled=true, rotatable=false, locationContextEnabled=true, applicationCacheEnabled=true, takesScreenshot=true, version=46.0}]" type="org.openqa.selenium.WebDriverException"><![CDATA[org.openqa.selenium.WebDriverException: 
Element is not clickable at point (1064.5, 80.89999389648438). Other element would receive the click: <div class="formErrorContent"></div>
Command duration or timeout: 71 milliseconds
Build info: version: '2.52.0', revision: '4c2593cfc3689a7fcd7be52549167e5ccc93ad28', time: '2016-02-11 11:22:43'
System info: host: 'QA1-PC', ip: '10.0.1.50', os.name: 'Windows 7', os.arch: 'amd64', os.version: '6.1', java.version: '1.7.0_67'
Session ID: 102931c9-2da3-4f9f-8ee9-493cabb142b5
Driver info: org.openqa.selenium.firefox.FirefoxDriver
Capabilities [{platform=WINDOWS, acceptSslCerts=true, javascriptEnabled=true, cssSelectorsEnabled=true, databaseEnabled=true, browserName=firefox, handlesAlerts=true, nativeEvents=false, webStorageEnabled=true, rotatable=false, locationContextEnabled=true, applicationCacheEnabled=true, takesScreenshot=true, version=46.0}]
	at org.fwcms.cdc.vdr.VDRVerificationAndValidationTest.testVDRVerificationsAndValidations(VDRVerificationAndValidationTest.java:89)
]]></failure>
    <system-out><![CDATA[17-01-2017 16:32:31,266 [main] INFO [olo.initiator.DriverConfiguration]  - Trying to Stop WebDriver
17-01-2017 16:32:31,674 [main] INFO [olo.initiator.DriverConfiguration]  - WebDriver Stopped
17-01-2017 16:32:36,374 [main] INFO [olo.initiator.DriverConfiguration]  - Setting pageLoadTimeout to 60 seconds
17-01-2017 16:32:36,380 [main] INFO [olo.initiator.DriverConfiguration]  - Setting implicitlyWait to 60 seconds
17-01-2017 16:32:36,385 [main] INFO [olo.initiator.DriverConfiguration]  - Trying to maximize and focus the window
17-01-2017 16:32:36,404 [main] INFO [olo.initiator.DriverConfiguration]  - setting up browser preferences completed
17-01-2017 16:32:36,404 [main] INFO [olo.initiator.InitiatorUtil]  - Trying to open url https://fw5.fwcms.com.my/cdc
17-01-2017 16:32:37,287 [main] INFO [olo.initiator.InitiatorUtil]  - current url is https://fwsso5.fwcms.com.my/login?service=https%3a%2f%2ffw5.fwcms.com.my%2fcdc%2f
17-01-2017 16:32:37,288 [main] INFO [olo.listeners.InvokedMethodListener]  - Test execution started : testVDRVerificationsAndValidations
17-01-2017 16:32:37,510 [main] INFO [pages.cdc.LoginPage]  - typing username 'cdcser'
17-01-2017 16:32:37,590 [main] INFO [pages.cdc.LoginPage]  - typing password 'P@ssw0rd'
17-01-2017 16:32:37,648 [main] INFO [pages.cdc.LoginPage]  - clicking login button
17-01-2017 16:32:38,018 [main] INFO [cdc.vdr.HomePage]  - clicking new vdr link in sticky actions
17-01-2017 16:32:39,043 [main] INFO [cdc.vdr.HomePage]  - clicking sticky actions
17-01-2017 16:32:44,972 [main] INFO [cdc.vdr.VdrDetailsPage]  - validating search KDN field
17-01-2017 16:32:44,973 [main] INFO [cdc.vdr.VdrDetailsPage]  - moving focus to search KDN
17-01-2017 16:32:45,056 [main] INFO [cdc.vdr.VdrDetailsPage]  - clicking on search button
17-01-2017 16:32:45,158 [main] INFO [cdc.vdr.VdrDetailsPage]  - waiting for search KDN form error
17-01-2017 16:32:45,184 [main] INFO [cdc.vdr.VdrDetailsPage]  - verifying text in search KDN form error
17-01-2017 16:32:45,215 [main] INFO [olo.bot.BrowserBot]  - Comparing elementText : '* This field is required
* Minimum 3 characters required
* Invalid KDN Search' equals to expectedText : '* This field is required
* Minimum 3 characters required
* Invalid KDN Search' in element [[FirefoxDriver: firefox on WINDOWS (102931c9-2da3-4f9f-8ee9-493cabb142b5)] -> css selector: div[class^='kdn_ref_searchformError']>div.formErrorContent]
17-01-2017 16:32:45,215 [main] INFO [cdc.vdr.VdrDetailsPage]  - sleeping for 1 sec
17-01-2017 16:32:46,215 [main] INFO [cdc.vdr.VdrDetailsPage]  - clearing and typing kdnMinCharData 'as' in search KDN
17-01-2017 16:32:46,266 [main] INFO [cdc.vdr.VdrDetailsPage]  - clicking on search button
17-01-2017 16:32:46,336 [main] INFO [cdc.vdr.VdrDetailsPage]  - waiting for search KDN form error
17-01-2017 16:32:46,366 [main] INFO [cdc.vdr.VdrDetailsPage]  - verifying text in search KDN form error
17-01-2017 16:32:46,402 [main] INFO [olo.bot.BrowserBot]  - Comparing elementText : '* Minimum 3 characters required' equals to expectedText : '* Minimum 3 characters required' in element [[FirefoxDriver: firefox on WINDOWS (102931c9-2da3-4f9f-8ee9-493cabb142b5)] -> css selector: div[class^='kdn_ref_searchformError']>div.formErrorContent]
17-01-2017 16:32:46,402 [main] INFO [cdc.vdr.VdrDetailsPage]  - sleeping for 1 sec
17-01-2017 16:32:47,402 [main] INFO [cdc.vdr.VdrDetailsPage]  - clearing and typing kdnInvalidData 'qw#' in search KDN
17-01-2017 16:32:47,501 [main] INFO [cdc.vdr.VdrDetailsPage]  - clicking on search button
17-01-2017 16:32:47,575 [main] INFO [cdc.vdr.VdrDetailsPage]  - waiting for search KDN form error
17-01-2017 16:32:47,587 [main] INFO [cdc.vdr.VdrDetailsPage]  - verifying text in search KDN form error
17-01-2017 16:32:47,618 [main] INFO [olo.bot.BrowserBot]  - Comparing elementText : '* Invalid KDN Search' equals to expectedText : '* Invalid KDN Search' in element [[FirefoxDriver: firefox on WINDOWS (102931c9-2da3-4f9f-8ee9-493cabb142b5)] -> css selector: div[class^='kdn_ref_searchformError']>div.formErrorContent]
17-01-2017 16:32:47,618 [main] INFO [cdc.vdr.VdrDetailsPage]  - sleeping for 1 sec
17-01-2017 16:32:48,618 [main] INFO [cdc.vdr.VdrDetailsPage]  - clearing and typing kdnNoResultsData 'KDN/16032/FKAGP4551809' in search KDN
17-01-2017 16:32:48,730 [main] INFO [cdc.vdr.VdrDetailsPage]  - clicking on search button
17-01-2017 16:32:48,828 [main] INFO [cdc.vdr.VdrDetailsPage]  - Waiting for No Results Found message
17-01-2017 16:32:48,861 [main] INFO [cdc.vdr.VdrDetailsPage]  - sleeping for 1 sec
17-01-2017 16:32:49,862 [main] INFO [cdc.vdr.VdrDetailsPage]  - searching kdn by kdnNumber
17-01-2017 16:32:52,330 [main] INFO [fwcms.pages.CommonElements]  - waiting for loading message to disappear
17-01-2017 16:32:53,084 [main] INFO [cdc.vdr.WorkerSelectionPage]  - validating agent id field
17-01-2017 16:32:53,085 [main] INFO [cdc.vdr.WorkerSelectionPage]  - moving focus to agent id
17-01-2017 16:32:53,135 [main] INFO [cdc.vdr.WorkerSelectionPage]  - clicking on search button
17-01-2017 16:32:53,211 [main] INFO [cdc.vdr.WorkerSelectionPage]  - waiting for agent id form error
17-01-2017 16:32:53,226 [main] INFO [cdc.vdr.WorkerSelectionPage]  - verifying text in agent id error
17-01-2017 16:32:53,251 [main] INFO [olo.bot.BrowserBot]  - Comparing elementText : 'Please enter a valid Agent ID.' equals to expectedText : 'Please enter a valid Agent ID.' in element [[FirefoxDriver: firefox on WINDOWS (102931c9-2da3-4f9f-8ee9-493cabb142b5)] -> class name: formErrorContent]
17-01-2017 16:32:53,251 [main] INFO [cdc.vdr.WorkerSelectionPage]  - sleeping for 1 sec
17-01-2017 16:32:54,251 [main] INFO [cdc.vdr.WorkerSelectionPage]  - clearing and typing agentIdInvalidData 'TestAgency' in agent Id
17-01-2017 16:32:55,363 [main] INFO [cdc.vdr.WorkerSelectionPage]  - verifying text in agent id error
17-01-2017 16:32:56,378 [main] INFO [cdc.vdr.WorkerSelectionPage]  - verifying text in agent id error
17-01-2017 16:32:56,431 [main] INFO [olo.bot.BrowserBot]  - Comparing elementText : '*Entered Agent is Not Found' equals to expectedText : '*Entered Agent is Not Found' in element [[FirefoxDriver: firefox on WINDOWS (102931c9-2da3-4f9f-8ee9-493cabb142b5)] -> class name: formErrorContent]
17-01-2017 16:32:56,431 [main] INFO [cdc.vdr.WorkerSelectionPage]  - clicking on search button
17-01-2017 16:32:56,503 [main] INFO [cdc.vdr.WorkerSelectionPage]  - verifying text in agent id error
17-01-2017 16:32:56,517 [main] INFO [cdc.vdr.WorkerSelectionPage]  - verifying text in agent id error
17-01-2017 16:32:56,535 [main] INFO [olo.bot.BrowserBot]  - Comparing elementText : 'Please enter a valid Agent ID.' equals to expectedText : 'Please enter a valid Agent ID.' in element [[FirefoxDriver: firefox on WINDOWS (102931c9-2da3-4f9f-8ee9-493cabb142b5)] -> class name: formErrorContent]
17-01-2017 16:32:56,536 [main] INFO [cdc.vdr.WorkerSelectionPage]  - sleeping for 1 sec
17-01-2017 16:32:57,536 [main] INFO [cdc.vdr.WorkerSelectionPage]  - entering agent id and verifying agent details popup
17-01-2017 16:32:57,643 [main] INFO [cdc.vdr.WorkerSelectionPage]  - Waiting for the auto suggest values to appear
17-01-2017 16:33:00,130 [main] INFO [cdc.vdr.WorkerSelectionPage]  - clicking on search button
17-01-2017 16:33:00,199 [main] INFO [cdc.vdr.WorkerSelectionPage]  - waiting for csv file not uploaded error
17-01-2017 16:33:00,221 [main] INFO [cdc.vdr.WorkerSelectionPage]  - verifying text in file not uploaded error
17-01-2017 16:33:00,245 [main] INFO [olo.bot.BrowserBot]  - Comparing elementText : 'Please upload a valid csv file' equals to expectedText : 'Please upload a valid csv file' in element [[FirefoxDriver: firefox on WINDOWS (102931c9-2da3-4f9f-8ee9-493cabb142b5)] -> class name: formErrorContent]
17-01-2017 16:33:00,246 [main] INFO [cdc.vdr.WorkerSelectionPage]  - uploading an image file
17-01-2017 16:33:06,278 [main] INFO [cdc.vdr.WorkerSelectionPage]  - clicking on search button
17-01-2017 16:33:06,379 [main] INFO [cdc.vdr.WorkerSelectionPage]  - waiting for csv file not uploaded error
17-01-2017 16:33:06,396 [main] INFO [cdc.vdr.WorkerSelectionPage]  - verifying text in file not uploaded error
17-01-2017 16:33:06,419 [main] INFO [olo.bot.BrowserBot]  - Comparing elementText : 'Please upload a valid csv file' equals to expectedText : 'Please upload a valid csv file' in element [[FirefoxDriver: firefox on WINDOWS (102931c9-2da3-4f9f-8ee9-493cabb142b5)] -> class name: formErrorContent]
17-01-2017 16:33:11,490 [main] INFO [cdc.vdr.WorkerSelectionPage]  - selecting Enter Worker Details Manually
17-01-2017 16:33:11,580 [main] INFO [cdc.vdr.WorkerSelectionPage]  - clicking on search button
17-01-2017 16:33:11,755 [main] INFO [cdc.vdr.WorkerSelectionPage]  - waiting for workers not added error
17-01-2017 16:33:11,774 [main] INFO [cdc.vdr.WorkerSelectionPage]  - verifying text in workers not added error
17-01-2017 16:33:11,801 [main] INFO [olo.bot.BrowserBot]  - Comparing elementText : 'Select Add Worker(s) button and enter passport No.' equals to expectedText : 'Select Add Worker(s) button and enter passport No.' in element [[FirefoxDriver: firefox on WINDOWS (102931c9-2da3-4f9f-8ee9-493cabb142b5)] -> class name: formErrorContent]
17-01-2017 16:33:13,871 [main] INFO [cdc.vdr.WorkerSelectionPage]  - selecting Enter Worker Details Manually
17-01-2017 16:33:13,973 [main] INFO [cdc.vdr.WorkerSelectionPage]  - clicking add workers
17-01-2017 16:33:14,085 [main] INFO [cdc.vdr.WorkerSelectionPage]  - validating passport number field
17-01-2017 16:33:14,260 [main] INFO [cdc.vdr.WorkerSelectionPage]  - clicking on search
17-01-2017 16:33:14,343 [main] INFO [cdc.vdr.WorkerSelectionPage]  - waiting for passport entry form error to be visible
17-01-2017 16:33:14,359 [main] INFO [cdc.vdr.WorkerSelectionPage]  - verifying the text in passport entry form error
17-01-2017 16:33:14,384 [main] INFO [olo.bot.BrowserBot]  - Comparing elementText : 'Please enter at least one worker' equals to expectedText : 'Please enter at least one worker' in element [[FirefoxDriver: firefox on WINDOWS (102931c9-2da3-4f9f-8ee9-493cabb142b5)] -> class name: formErrorContent]
17-01-2017 16:33:14,384 [main] INFO [cdc.vdr.WorkerSelectionPage]  - entering space in passport number field
17-01-2017 16:33:14,419 [main] INFO [cdc.vdr.WorkerSelectionPage]  - clicking on search
17-01-2017 16:33:14,504 [main] INFO [cdc.vdr.WorkerSelectionPage]  - waiting for passport entry form error to be visible
17-01-2017 16:33:14,518 [main] INFO [cdc.vdr.WorkerSelectionPage]  - verifying the text in passport entry form error
17-01-2017 16:33:14,538 [main] INFO [olo.bot.BrowserBot]  - Comparing elementText : '* No special characters/space allowed' equals to expectedText : '* No special characters/space allowed' in element [[FirefoxDriver: firefox on WINDOWS (102931c9-2da3-4f9f-8ee9-493cabb142b5)] -> class name: formErrorContent]
17-01-2017 16:33:14,538 [main] INFO [cdc.vdr.WorkerSelectionPage]  - sleeping for 1 second
17-01-2017 16:33:15,538 [main] INFO [cdc.vdr.WorkerSelectionPage]  - clearing and typing qw! in passport number field
17-01-2017 16:33:15,608 [main] INFO [cdc.vdr.WorkerSelectionPage]  - clicking on search
17-01-2017 16:33:15,684 [main] INFO [cdc.vdr.WorkerSelectionPage]  - waiting for passport entry form error to be visible
17-01-2017 16:33:15,697 [main] INFO [cdc.vdr.WorkerSelectionPage]  - verifying the text in passport entry form error
17-01-2017 16:33:15,715 [main] INFO [olo.bot.BrowserBot]  - Comparing elementText : '* No special characters/space allowed' equals to expectedText : '* No special characters/space allowed' in element [[FirefoxDriver: firefox on WINDOWS (102931c9-2da3-4f9f-8ee9-493cabb142b5)] -> class name: formErrorContent]
17-01-2017 16:33:16,058 [main] INFO [cdc.vdr.WorkerSelectionPage]  - asserting if a row gets added on clicking add more link
17-01-2017 16:33:17,272 [main] INFO [olo.bot.BrowserBot]  - Comparing elementText : 'You cannot add more than 25 Worker(s)' equals to expectedText : 'You cannot add more than 25 Worker(s)' in element [[FirefoxDriver: firefox on WINDOWS (102931c9-2da3-4f9f-8ee9-493cabb142b5)] -> class name: formErrorContent]
17-01-2017 16:33:17,348 [main] INFO [cdc.vdr.WorkerSelectionPage]  - select Enter Workers Details Manually RadioButton
17-01-2017 16:33:17,365 [main] INFO [cdc.vdr.WorkerSelectionPage]  - Click Add Workers LinkText
17-01-2017 16:33:17,466 [main] INFO [cdc.vdr.WorkerSelectionPage]  - Enter passport number PN7004
17-01-2017 16:33:17,558 [main] INFO [cdc.vdr.WorkerSelectionPage]  - Click Search Button 
17-01-2017 16:33:17,631 [main] INFO [cdc.vdr.WorkerSelectionPage]  - Selecting Worker Check box
17-01-2017 16:33:18,228 [main] INFO [cdc.vdr.WorkerSelectionPage]  - validating search worker field
17-01-2017 16:33:18,228 [main] INFO [cdc.vdr.WorkerSelectionPage]  - moving focus to search worker
17-01-2017 16:33:18,277 [main] INFO [cdc.vdr.WorkerSelectionPage]  - clicking on search link
17-01-2017 16:33:18,418 [main] INFO [cdc.vdr.WorkerSelectionPage]  - waiting for search worker form error
17-01-2017 16:33:18,442 [main] INFO [cdc.vdr.WorkerSelectionPage]  - verifying text in search worker error
17-01-2017 16:33:18,498 [main] INFO [olo.bot.BrowserBot]  - Comparing elementText : '* Worker Name field can not be empty.
* Minimum 3 characters required
* No special characters allowed' equals to expectedText : '* Worker Name field can not be empty.
* Minimum 3 characters required
* No special characters allowed' in element [[FirefoxDriver: firefox on WINDOWS (102931c9-2da3-4f9f-8ee9-493cabb142b5)] -> class name: formErrorContent]
17-01-2017 16:33:18,498 [main] INFO [cdc.vdr.WorkerSelectionPage]  - sleeping for 1 sec
17-01-2017 16:33:19,498 [main] INFO [cdc.vdr.WorkerSelectionPage]  - entering space in serach worker field
17-01-2017 16:33:19,556 [main] INFO [cdc.vdr.WorkerSelectionPage]  - clicking on search link
17-01-2017 16:33:19,665 [main] INFO [cdc.vdr.WorkerSelectionPage]  - waiting for search worker form error
17-01-2017 16:33:19,680 [main] INFO [cdc.vdr.WorkerSelectionPage]  - verifying text in search worker error
17-01-2017 16:33:19,721 [main] INFO [olo.bot.BrowserBot]  - Comparing elementText : '* Worker Name field can not be empty.
* Minimum 3 characters required' equals to expectedText : '* Worker Name field can not be empty.
* Minimum 3 characters required' in element [[FirefoxDriver: firefox on WINDOWS (102931c9-2da3-4f9f-8ee9-493cabb142b5)] -> class name: formErrorContent]
17-01-2017 16:33:19,721 [main] INFO [cdc.vdr.WorkerSelectionPage]  - sleeping for 1 second
17-01-2017 16:33:20,721 [main] INFO [cdc.vdr.WorkerSelectionPage]  - clearing and typing qw in ssearch worker field
17-01-2017 16:33:20,791 [main] INFO [cdc.vdr.WorkerSelectionPage]  - clicking on search link
17-01-2017 16:33:20,871 [main] INFO [cdc.vdr.WorkerSelectionPage]  - waiting for search worker form error
17-01-2017 16:33:20,898 [main] INFO [cdc.vdr.WorkerSelectionPage]  - verifying the text in search worker form error
17-01-2017 16:33:20,916 [main] INFO [olo.bot.BrowserBot]  - Comparing elementText : '* Minimum 3 characters required' equals to expectedText : '* Minimum 3 characters required' in element [[FirefoxDriver: firefox on WINDOWS (102931c9-2da3-4f9f-8ee9-493cabb142b5)] -> class name: formErrorContent]
17-01-2017 16:33:20,916 [main] INFO [cdc.vdr.WorkerSelectionPage]  - clearing and typing qw@ in ssearch worker field
17-01-2017 16:33:20,997 [main] INFO [cdc.vdr.WorkerSelectionPage]  - clicking on search link
17-01-2017 16:33:21,061 [main] INFO [cdc.vdr.WorkerSelectionPage]  - waiting for search worker form error
17-01-2017 16:33:21,086 [main] INFO [cdc.vdr.WorkerSelectionPage]  - verifying the text in search worker form error
17-01-2017 16:33:21,127 [main] INFO [olo.bot.BrowserBot]  - Comparing elementText : '* No special characters allowed' equals to expectedText : '* No special characters allowed' in element [[FirefoxDriver: firefox on WINDOWS (102931c9-2da3-4f9f-8ee9-493cabb142b5)] -> class name: formErrorContent]
17-01-2017 16:33:23,184 [main] INFO [cdc.vdr.WorkerSelectionPage]  - Clicking Save Button
17-01-2017 16:33:23,280 [main] INFO [cdc.vdr.WorkerSelectionPage]  - validating source country embassy field
17-01-2017 16:33:23,280 [main] INFO [cdc.vdr.WorkerSelectionPage]  - moving focus to source country embassy
17-01-2017 16:33:23,362 [main] INFO [cdc.vdr.WorkerSelectionPage]  - Clicking OK Button
17-01-2017 16:33:23,482 [main] INFO [cdc.vdr.WorkerSelectionPage]  - waiting for source country embassy form error
17-01-2017 16:33:23,498 [main] INFO [cdc.vdr.WorkerSelectionPage]  - verifying text in source country embassy error
17-01-2017 16:33:23,515 [main] INFO [olo.bot.BrowserBot]  - Comparing elementText : '*Please select valid Source Country Embassy from list' equals to expectedText : '*Please select valid Source Country Embassy from list' in element [[FirefoxDriver: firefox on WINDOWS (102931c9-2da3-4f9f-8ee9-493cabb142b5)] -> css selector: div[class*='embassy_idformError']>div.formErrorContent]
17-01-2017 16:33:23,516 [main] INFO [cdc.vdr.WorkerSelectionPage]  - sleeping for 1 sec
17-01-2017 16:33:24,516 [main] INFO [cdc.vdr.WorkerSelectionPage]  - typing test in source embassy field
17-01-2017 16:33:24,597 [main] INFO [cdc.vdr.WorkerSelectionPage]  - Clicking OK Button
17-01-2017 16:33:24,719 [main] INFO [cdc.vdr.WorkerSelectionPage]  - waiting for source country embassy form error
17-01-2017 16:33:24,751 [main] INFO [cdc.vdr.WorkerSelectionPage]  - verifying text in source country embassy error
17-01-2017 16:33:24,815 [main] INFO [olo.bot.BrowserBot]  - Comparing elementText : '*Please select valid Source Country Embassy from list' equals to expectedText : '*Please select valid Source Country Embassy from list' in element [[FirefoxDriver: firefox on WINDOWS (102931c9-2da3-4f9f-8ee9-493cabb142b5)] -> css selector: div[class*='embassy_idformError']>div.formErrorContent]
17-01-2017 16:33:24,914 [main] INFO [cdc.vdr.WorkerSelectionPage]  - clicking on close
17-01-2017 16:33:24,991 [main] INFO [olo.listeners.InvokedMethodListener]  - Test execution completed : testVDRVerificationsAndValidations
17-01-2017 16:33:24,991 [main] INFO [olo.listeners.InvokedMethodListener]  - Test status : testVDRVerificationsAndValidations : FAIL
]]></system-out>
  </testcase>
</testsuite>