<?xml version="1.0" encoding="UTF-8"?>
<testsuite xmlns:xsi="http://www.w3.org/2001/XMLSchema-instance" xsi:schemaLocation="https://maven.apache.org/surefire/maven-surefire-plugin/xsd/surefire-test-report.xsd" name="TestSuite" time="978.877" tests="26" errors="0" skipped="0" failures="0">
  <properties>
[...]
</properties>
  <testcase name="testVDRFlowForAllCountry" classname="org.fwcms.cdc.vdr.VDRAllCountrySubmissionTest" time="59.801"/>
  <testcase name="testVDRFlow" classname="org.fwcms.cdc.vdr.VDRManualEntryHappyFlowTest" time="45.863"/>
  <testcase name="fetchApplicationIDUsingPassportNumberAndAbortItTest" classname="org.fwcms.cdc.vdr.FetchApplicationIDUsingPassportNumberAndAbortIt" time="0.018"/>
  <testcase name="fetchApplicationIDUsingPassportNumberAndAbortItTest" classname="org.fwcms.cdc.vdr.FetchApplicationIDUsingPassportNumberAndAbortIt" time="0.019"/>
  <testcase name="fetchApplicationIDUsingPassportNumberAndAbortItTest" classname="org.fwcms.cdc.vdr.FetchApplicationIDUsingPassportNumberAndAbortIt" time="0.023"/>
  <testcase name="fetchApplicationIDUsingPassportNumberAndAbortItTest" classname="org.fwcms.cdc.vdr.FetchApplicationIDUsingPassportNumberAndAbortIt" time="0.018"/>
  <testcase name="fetchApplicationIDUsingPassportNumberAndAbortItTest" classname="org.fwcms.cdc.vdr.FetchApplicationIDUsingPassportNumberAndAbortIt" time="0.021"/>
  <testcase name="testAbortFunctionalityWorkerSelectionPage" classname="org.fwcms.cdc.vdr.VDRAbortFunctionalityTest" time="29.462"/>
  <testcase name="testAbortFunctionalityWorkerPointOfEntryPage" classname="org.fwcms.cdc.vdr.VDRAbortFunctionalityTest" time="28.046"/>
  <testcase name="testAbortFunctionalitySubmitVDRPage" classname="org.fwcms.cdc.vdr.VDRAbortFunctionalityTest" time="32.276"/>
  <testcase name="testAbortFunctionalityPurchaseInsurancePage" classname="org.fwcms.cdc.vdr.VDRAbortFunctionalityTest" time="42.94"/>
  <testcase name="verifyClearListFunctionalityInWorkerSelection" classname="org.fwcms.cdc.vdr.VDRClearListFunctionalityTest" time="46.754"/>
  <testcase name="testLandingPageOfAddMoreWorkersLink" classname="org.fwcms.cdc.vdr.VerifyLandingPageOfAddMoreWorkersLinkTest" time="27.091"/>
  <testcase name="verifyDeleteWorkersFunctionality" classname="org.fwcms.cdc.vdr.VDRDeleteWorkersFunctionalityTest" time="34.477"/>
  <testcase name="testEditSourceCountryEmbassy" classname="org.fwcms.cdc.vdr.VDREditSourceCountryEmbassyFunctionalityTest" time="24.597"/>
  <testcase name="testPreviousButtonFunctionality" classname="org.fwcms.cdc.vdr.VDRPreviousButtonFunctionalityTest" time="55.896"/>
  <testcase name="testAccessToPrevioulsySavedApplication" classname="org.fwcms.cdc.vdr.VerifyAccessToPreviouslySavedApplicationTest" time="26.478"/>
  <testcase name="verifyVDRPageElements" classname="org.fwcms.cdc.vdr.VerifyElementsPresentInVDRPagesTest" time="45.615"/>
  <testcase name="testVDRVerificationsAndValidations" classname="org.fwcms.cdc.vdr.VDRVerificationAndValidationTest" time="76.644"/>
  <testcase name="testCSVUploadOfMoreThan100Workers" classname="org.fwcms.cdc.vdr.VerifyCSVUploadOfMoreThan100WorkersTest" time="24.707"/>
  <testcase name="testCSVUploadWorkersVerification" classname="org.fwcms.cdc.vdr.VerifyInvalidDataCSVUploadTest" time="23.202"/>
  <testcase name="testCSVUploadWorkersVerification" classname="org.fwcms.cdc.vdr.VerifyCSVUploadWorkersVerificationTest" time="48.705"/>
  <testcase name="testQuotaLimitExceededError" classname="org.fwcms.cdc.vdr.VerifyQuotaExceededTest" time="33.778"/>
  <testcase name="vdrWorkerDetailsErrorMessageValidationTest" classname="org.fwcms.cdc.vdr.VDRWorkerDetailsErrorMessageValidationTest" time="48.161"/>
  <testcase name="testSearchVDRFlow" classname="org.fwcms.cdc.vdr.SearchVDRTest" time="16.672"/>
  <testcase name="testSearchVDRByStatusFlow" classname="org.fwcms.cdc.vdr.VDRApplicationStatusTest" time="31.951"/>
</testsuite>