<?xml version="1.0" encoding="UTF-8"?>
<testsuite xmlns:xsi="http://www.w3.org/2001/XMLSchema-instance" xsi:schemaLocation="https://maven.apache.org/surefire/maven-surefire-plugin/xsd/surefire-test-report.xsd" name="TestSuite" time="33.873" tests="1" errors="0" skipped="0" failures="1">
  <properties>
[...]
</properties>
  <testcase name="testVDRFlow" classname="org.fwcms.cdc.vdr.VDRManualEntryHappyFlowTest" time="12.567">
    <failure message="Could not click Kdn number &apos;JKPPA/5011/FLATL242&apos; in the list expected [true] but found [false]" type="java.lang.AssertionError">java.lang.AssertionError: Could not click Kdn number 'JKPPA/5011/FLATL242' in the list expected [true] but found [false]
	at org.fwcms.cdc.vdr.VDRManualEntryHappyFlowTest.testVDRFlow(VDRManualEntryHappyFlowTest.java:53)
</failure>
    <system-out><![CDATA[05-06-2017 11:50:27,191 [main] INFO [olo.util.PropertyReader]  - Loading /config/config.properties
05-06-2017 11:50:27,193 [main] INFO [olo.util.PropertyReader]  - Loading /config/mail.properties
05-06-2017 11:50:30,844 [main] INFO [olo.mailer.MailClient]  - Mail sent succesfully !!!
05-06-2017 11:50:30,844 [main] INFO [olo.listeners.MailSuiteListener]  - Mail sent on suite start 'vdrHappyFlow'
05-06-2017 11:50:39,594 [main] INFO [olo.initiator.DriverConfiguration]  - Setting pageLoadTimeout to 60 seconds
05-06-2017 11:50:39,797 [main] INFO [olo.initiator.DriverConfiguration]  - Setting implicitlyWait to 60 seconds
05-06-2017 11:50:39,805 [main] INFO [olo.initiator.DriverConfiguration]  - Trying to maximize and focus the window
05-06-2017 11:50:39,825 [main] INFO [olo.initiator.DriverConfiguration]  - setting up browser preferences completed
05-06-2017 11:50:39,825 [main] INFO [olo.initiator.InitiatorUtil]  - Trying to open url https://fw9.fwcms.com.my/cdc
05-06-2017 11:50:41,072 [main] INFO [olo.initiator.InitiatorUtil]  - current url is https://fwsso9.fwcms.com.my/login?service=https%3a%2f%2ffw9.fwcms.com.my%2fcdc%2f
05-06-2017 11:50:41,073 [main] INFO [olo.listeners.InvokedMethodListener]  - Test execution started : testVDRFlow
05-06-2017 11:50:41,586 [main] INFO [fwcms.util.EmployerCredentialsProp]  - Loading credentials.properties
05-06-2017 11:50:41,596 [main] INFO [pages.cdc.LoginPage]  - typing username 'merind'
05-06-2017 11:50:41,825 [main] INFO [pages.cdc.LoginPage]  - typing password 'P@ssw0rd'
05-06-2017 11:50:41,870 [main] INFO [pages.cdc.LoginPage]  - clicking login button
05-06-2017 11:50:42,939 [main] INFO [cdc.vdr.HomePage]  - clicking new vdr link in sticky actions
05-06-2017 11:50:45,468 [main] INFO [cdc.vdr.HomePage]  - clicking sticky actions
05-06-2017 11:50:51,114 [main] INFO [fwcms.pages.CommonElements]  - waiting for loading message to disappear
05-06-2017 11:50:51,129 [main] INFO [cdc.vdr.VdrDetailsPage]  - searching kdn by kdnNumber
05-06-2017 11:50:53,606 [main] ERROR [olo.bot.BrowserBot]  - Verification Error : java.lang.AssertionError: No data for the given kdn number JKPPA/5011/FLATL242 expected [true] but found [false]
	at org.testng.Assert.fail(Assert.java:94)
	at org.testng.Assert.failNotEquals(Assert.java:496)
	at org.testng.Assert.assertTrue(Assert.java:42)
	at com.olo.bot.BrowserBot.assertTrue(BrowserBot.java:262)
	at com.olo.bot.BrowserBot.verifyTrue(BrowserBot.java:267)
	at org.fwcms.pages.cdc.vdr.VdrDetailsPage.searchByKdnNumber(VdrDetailsPage.java:91)
	at org.fwcms.pages.cdc.vdr.VdrDetailsPage.selectKdnNumberFirstVisibleInList(VdrDetailsPage.java:95)
	at org.fwcms.cdc.vdr.VDRManualEntryHappyFlowTest.testVDRFlow(VDRManualEntryHappyFlowTest.java:53)
	at sun.reflect.NativeMethodAccessorImpl.invoke0(Native Method)
	at sun.reflect.NativeMethodAccessorImpl.invoke(NativeMethodAccessorImpl.java:57)
	at sun.reflect.DelegatingMethodAccessorImpl.invoke(DelegatingMethodAccessorImpl.java:43)
	at java.lang.reflect.Method.invoke(Method.java:606)
	at org.testng.internal.MethodInvocationHelper.invokeMethod(MethodInvocationHelper.java:85)
	at org.testng.internal.Invoker.invokeMethod(Invoker.java:639)
	at org.testng.internal.Invoker.invokeTestMethod(Invoker.java:816)
	at org.testng.internal.Invoker.invokeTestMethods(Invoker.java:1124)
	at org.testng.internal.TestMethodWorker.invokeTestMethods(TestMethodWorker.java:125)
	at org.testng.internal.TestMethodWorker.run(TestMethodWorker.java:108)
	at org.testng.TestRunner.privateRun(TestRunner.java:774)
	at org.testng.TestRunner.run(TestRunner.java:624)
	at org.testng.SuiteRunner.runTest(SuiteRunner.java:359)
	at org.testng.SuiteRunner.runSequentially(SuiteRunner.java:354)
	at org.testng.SuiteRunner.privateRun(SuiteRunner.java:312)
	at org.testng.SuiteRunner.run(SuiteRunner.java:261)
	at org.testng.SuiteRunnerWorker.runSuite(SuiteRunnerWorker.java:52)
	at org.testng.SuiteRunnerWorker.run(SuiteRunnerWorker.java:86)
	at org.testng.TestNG.runSuitesSequentially(TestNG.java:1191)
	at org.testng.TestNG.runSuitesLocally(TestNG.java:1116)
	at org.testng.TestNG.run(TestNG.java:1024)
	at org.apache.maven.surefire.testng.TestNGExecutor.run(TestNGExecutor.java:281)
	at org.apache.maven.surefire.testng.TestNGXmlTestSuite.execute(TestNGXmlTestSuite.java:75)
	at org.apache.maven.surefire.testng.TestNGProvider.invoke(TestNGProvider.java:121)
	at org.apache.maven.surefire.booter.ForkedBooter.invokeProviderInSameClassLoader(ForkedBooter.java:290)
	at org.apache.maven.surefire.booter.ForkedBooter.runSuitesInProcess(ForkedBooter.java:242)
	at org.apache.maven.surefire.booter.ForkedBooter.main(ForkedBooter.java:121)

05-06-2017 11:50:53,629 [main] INFO [olo.listeners.InvokedMethodListener]  - Test execution completed : testVDRFlow
05-06-2017 11:50:53,633 [main] INFO [olo.listeners.InvokedMethodListener]  - Test status : testVDRFlow : FAIL
]]></system-out>
  </testcase>
</testsuite>