<?xml version="1.0" encoding="UTF-8"?>
<testsuite xmlns:xsi="http://www.w3.org/2001/XMLSchema-instance" xsi:schemaLocation="https://maven.apache.org/surefire/maven-surefire-plugin/xsd/surefire-test-report.xsd" name="TestSuite" time="202.983" tests="2" errors="0" skipped="0" failures="1">
  <properties>
[...]
</properties>
  <testcase name="testVDRFlowForAllCountry" classname="org.fwcms.cdc.vdr.VDRAllCountrySubmissionTest" time="108.119">
    <failure message="Timed out after 60 seconds waiting for visibility of [[FirefoxDriver: firefox on WINDOWS (4ca3bb69-8914-4d67-aa59-57c53b641cb5)] -&gt; css selector: div[id=&apos;save_worker_details&apos;]&gt;span:nth-child(2)&gt;span]&#10;Build info: version: &apos;2.52.0&apos;, revision: &apos;4c2593cfc3689a7fcd7be52549167e5ccc93ad28&apos;, time: &apos;2016-02-11 11:22:43&apos;&#10;System info: host: &apos;QA1-PC&apos;, ip: &apos;10.0.1.50&apos;, os.name: &apos;Windows 7&apos;, os.arch: &apos;amd64&apos;, os.version: &apos;6.1&apos;, java.version: &apos;1.7.0_67&apos;&#10;Session ID: 4ca3bb69-8914-4d67-aa59-57c53b641cb5&#10;Driver info: org.openqa.selenium.firefox.FirefoxDriver&#10;Capabilities [{platform=WINDOWS, acceptSslCerts=true, javascriptEnabled=true, cssSelectorsEnabled=true, databaseEnabled=true, browserName=firefox, handlesAlerts=true, nativeEvents=false, webStorageEnabled=true, rotatable=false, locationContextEnabled=true, applicationCacheEnabled=true, takesScreenshot=true, version=46.0}]" type="org.openqa.selenium.TimeoutException">org.openqa.selenium.TimeoutException: 
Timed out after 60 seconds waiting for visibility of [[FirefoxDriver: firefox on WINDOWS (4ca3bb69-8914-4d67-aa59-57c53b641cb5)] -> css selector: div[id='save_worker_details']>span:nth-child(2)>span]
Build info: version: '2.52.0', revision: '4c2593cfc3689a7fcd7be52549167e5ccc93ad28', time: '2016-02-11 11:22:43'
System info: host: 'QA1-PC', ip: '10.0.1.50', os.name: 'Windows 7', os.arch: 'amd64', os.version: '6.1', java.version: '1.7.0_67'
Session ID: 4ca3bb69-8914-4d67-aa59-57c53b641cb5
Driver info: org.openqa.selenium.firefox.FirefoxDriver
Capabilities [{platform=WINDOWS, acceptSslCerts=true, javascriptEnabled=true, cssSelectorsEnabled=true, databaseEnabled=true, browserName=firefox, handlesAlerts=true, nativeEvents=false, webStorageEnabled=true, rotatable=false, locationContextEnabled=true, applicationCacheEnabled=true, takesScreenshot=true, version=46.0}]
	at org.fwcms.cdc.vdr.VDRAllCountrySubmissionTest.testVDRFlowForAllCountry(VDRAllCountrySubmissionTest.java:102)
</failure>
    <system-out><![CDATA[19-05-2017 12:49:48,433 [main] INFO [olo.util.PropertyReader]  - Loading /config/config.properties
19-05-2017 12:49:48,434 [main] INFO [olo.util.PropertyReader]  - Loading /config/mail.properties
19-05-2017 12:49:51,759 [main] INFO [olo.mailer.MailClient]  - Mail sent succesfully !!!
19-05-2017 12:49:51,760 [main] INFO [olo.listeners.MailSuiteListener]  - Mail sent on suite start 'vdrHappyFlow'
19-05-2017 12:50:00,033 [main] INFO [olo.initiator.DriverConfiguration]  - Setting pageLoadTimeout to 60 seconds
19-05-2017 12:50:00,168 [main] INFO [olo.initiator.DriverConfiguration]  - Setting implicitlyWait to 60 seconds
19-05-2017 12:50:00,177 [main] INFO [olo.initiator.DriverConfiguration]  - Trying to maximize and focus the window
19-05-2017 12:50:00,207 [main] INFO [olo.initiator.DriverConfiguration]  - setting up browser preferences completed
19-05-2017 12:50:00,207 [main] INFO [olo.initiator.InitiatorUtil]  - Trying to open url https://fw9.fwcms.com.my/cdc
19-05-2017 12:50:01,747 [main] INFO [olo.initiator.InitiatorUtil]  - current url is https://fwsso9.fwcms.com.my/login?service=https%3a%2f%2ffw9.fwcms.com.my%2fcdc%2f
19-05-2017 12:50:01,748 [main] INFO [olo.listeners.InvokedMethodListener]  - Test execution started : testVDRFlowForAllCountry
19-05-2017 12:50:02,188 [main] INFO [fwcms.util.EmployerCredentialsProp]  - Loading credentials.properties
19-05-2017 12:50:02,189 [main] INFO [pages.cdc.LoginPage]  - typing username 'rahima'
19-05-2017 12:50:02,295 [main] INFO [pages.cdc.LoginPage]  - typing password 'P@ssw0rd'
19-05-2017 12:50:02,335 [main] INFO [pages.cdc.LoginPage]  - clicking login button
Execute with Y is/are 1
19-05-2017 12:50:03,358 [main] INFO [cdc.vdr.HomePage]  - clicking new vdr link in sticky actions
19-05-2017 12:50:04,806 [main] INFO [cdc.vdr.HomePage]  - clicking sticky actions
19-05-2017 12:50:10,974 [main] INFO [fwcms.pages.CommonElements]  - waiting for loading message to disappear
19-05-2017 12:50:10,988 [main] INFO [cdc.vdr.VdrDetailsPage]  - searching kdn by kdnNumber
19-05-2017 12:50:13,360 [main] INFO [cdc.vdr.WorkerSelectionPage]  - entering agent id and verifying agent details popup
19-05-2017 12:50:17,661 [main] INFO [cdc.vdr.WorkerSelectionPage]  - Waiting for the auto suggest values to appear
19-05-2017 12:50:20,152 [main] INFO [cdc.vdr.WorkerSelectionPage]  - attaching workers
19-05-2017 12:50:28,304 [main] INFO [cdc.vdr.WorkerSelectionPage]  - Selecting Worker Check box
19-05-2017 12:50:29,034 [main] INFO [cdc.vdr.WorkerSelectionPage]  - clicking on download unmatched workers list
Unmatched Workers_1495169449389.csv
C:\DownloadITR\Unmatched Workers_1495169449389.csv
renamed
19-05-2017 12:50:49,389 [main] INFO [cdc.vdr.WorkerSelectionPage]  - Unmatched workers information file is present in the path : C:\DownloadITR\Unmatched Workers_1495169449389.csv
19-05-2017 12:50:49,396 [main] INFO [cdc.vdr.WorkerSelectionPage]  - Clicking Save Button
19-05-2017 12:51:49,842 [main] INFO [olo.listeners.InvokedMethodListener]  - Test execution completed : testVDRFlowForAllCountry
19-05-2017 12:51:49,858 [main] INFO [olo.listeners.InvokedMethodListener]  - Test status : testVDRFlowForAllCountry : FAIL
]]></system-out>
  </testcase>
  <testcase name="testVDRFlow" classname="org.fwcms.cdc.vdr.VDRManualEntryHappyFlowTest" time="53.675"/>
</testsuite>