<?xml version="1.0" encoding="UTF-8"?>
<testsuite xmlns:xsi="http://www.w3.org/2001/XMLSchema-instance" xsi:schemaLocation="https://maven.apache.org/surefire/maven-surefire-plugin/xsd/surefire-test-report.xsd" name="TestSuite" time="104.363" tests="2" errors="0" skipped="0" failures="1">
  <properties>
[...]
</properties>
  <testcase name="testVDRFlow" classname="org.fwcms.cdc.vdr.VDRManualEntryHappyFlowTest" time="52.079"/>
  <testcase name="testVDRFlow" classname="org.fwcms.cdc.vdr.VDRManualEntryHappyFlowTest" time="22.135">
    <failure message="Element is not clickable at point (725.2999877929688, 192.3000030517578). Other element would receive the click: &lt;div style=&quot;height: 657px; opacity: 0.9; position: fixed; top: 0px; left: 0px; background-color: rgb(32, 65, 82); width: 100%; z-index: 5002; display: block;&quot; id=&quot;overlay_details&quot;&gt;&lt;/div&gt;&#10;Command duration or timeout: 64 milliseconds&#10;Build info: version: &apos;2.52.0&apos;, revision: &apos;4c2593cfc3689a7fcd7be52549167e5ccc93ad28&apos;, time: &apos;2016-02-11 11:22:43&apos;&#10;System info: host: &apos;QA1-PC&apos;, ip: &apos;10.0.1.50&apos;, os.name: &apos;Windows 7&apos;, os.arch: &apos;amd64&apos;, os.version: &apos;6.1&apos;, java.version: &apos;1.7.0_67&apos;&#10;Session ID: a4d61d9f-e0eb-4835-8de1-f404829ddf86&#10;Driver info: org.openqa.selenium.firefox.FirefoxDriver&#10;Capabilities [{platform=WINDOWS, acceptSslCerts=true, javascriptEnabled=true, cssSelectorsEnabled=true, databaseEnabled=true, browserName=firefox, handlesAlerts=true, nativeEvents=false, webStorageEnabled=true, rotatable=false, locationContextEnabled=true, applicationCacheEnabled=true, takesScreenshot=true, version=46.0}]" type="org.openqa.selenium.WebDriverException"><![CDATA[org.openqa.selenium.WebDriverException: 
Element is not clickable at point (725.2999877929688, 192.3000030517578). Other element would receive the click: <div style="height: 657px; opacity: 0.9; position: fixed; top: 0px; left: 0px; background-color: rgb(32, 65, 82); width: 100%; z-index: 5002; display: block;" id="overlay_details"></div>
Command duration or timeout: 64 milliseconds
Build info: version: '2.52.0', revision: '4c2593cfc3689a7fcd7be52549167e5ccc93ad28', time: '2016-02-11 11:22:43'
System info: host: 'QA1-PC', ip: '10.0.1.50', os.name: 'Windows 7', os.arch: 'amd64', os.version: '6.1', java.version: '1.7.0_67'
Session ID: a4d61d9f-e0eb-4835-8de1-f404829ddf86
Driver info: org.openqa.selenium.firefox.FirefoxDriver
Capabilities [{platform=WINDOWS, acceptSslCerts=true, javascriptEnabled=true, cssSelectorsEnabled=true, databaseEnabled=true, browserName=firefox, handlesAlerts=true, nativeEvents=false, webStorageEnabled=true, rotatable=false, locationContextEnabled=true, applicationCacheEnabled=true, takesScreenshot=true, version=46.0}]
	at org.fwcms.cdc.vdr.VDRManualEntryHappyFlowTest.testVDRFlow(VDRManualEntryHappyFlowTest.java:61)
]]></failure>
    <system-out><![CDATA[06-06-2017 10:38:15,915 [main] INFO [olo.initiator.DriverConfiguration]  - Trying to Stop WebDriver
06-06-2017 10:38:17,008 [main] INFO [olo.initiator.DriverConfiguration]  - WebDriver Stopped
06-06-2017 10:38:23,020 [main] INFO [olo.initiator.DriverConfiguration]  - Setting pageLoadTimeout to 60 seconds
06-06-2017 10:38:23,200 [main] INFO [olo.initiator.DriverConfiguration]  - Setting implicitlyWait to 60 seconds
06-06-2017 10:38:23,210 [main] INFO [olo.initiator.DriverConfiguration]  - Trying to maximize and focus the window
06-06-2017 10:38:23,253 [main] INFO [olo.initiator.DriverConfiguration]  - setting up browser preferences completed
06-06-2017 10:38:23,254 [main] INFO [olo.initiator.InitiatorUtil]  - Trying to open url https://fw9.fwcms.com.my/cdc
06-06-2017 10:38:24,983 [main] INFO [olo.initiator.InitiatorUtil]  - current url is https://fwsso9.fwcms.com.my/login?service=https%3a%2f%2ffw9.fwcms.com.my%2fcdc%2f
06-06-2017 10:38:24,983 [main] INFO [olo.listeners.InvokedMethodListener]  - Test execution started : testVDRFlow
06-06-2017 10:38:25,253 [main] INFO [pages.cdc.LoginPage]  - typing username 'donema'
06-06-2017 10:38:25,353 [main] INFO [pages.cdc.LoginPage]  - typing password 'P@ssw0rd'
06-06-2017 10:38:25,402 [main] INFO [pages.cdc.LoginPage]  - clicking login button
06-06-2017 10:38:26,089 [main] INFO [cdc.vdr.HomePage]  - clicking new vdr link in sticky actions
06-06-2017 10:38:27,545 [main] INFO [cdc.vdr.HomePage]  - clicking sticky actions
06-06-2017 10:38:39,818 [main] INFO [fwcms.pages.CommonElements]  - waiting for loading message to disappear
06-06-2017 10:38:39,834 [main] INFO [cdc.vdr.VdrDetailsPage]  - searching kdn by kdnNumber
06-06-2017 10:38:42,191 [main] INFO [cdc.vdr.WorkerSelectionPage]  - entering agent id and verifying agent details popup
06-06-2017 10:38:43,179 [main] INFO [cdc.vdr.WorkerSelectionPage]  - Waiting for the auto suggest values to appear
06-06-2017 10:38:45,646 [main] INFO [cdc.vdr.WorkerSelectionPage]  - select Enter Workers Details Manually RadioButton
06-06-2017 10:38:45,686 [main] INFO [cdc.vdr.WorkerSelectionPage]  - Click Add Workers LinkText
06-06-2017 10:38:45,957 [main] INFO [cdc.vdr.WorkerSelectionPage]  - Enter passport number MMR051185
06-06-2017 10:38:46,190 [main] INFO [cdc.vdr.WorkerSelectionPage]  - Click Search Button 
06-06-2017 10:38:46,277 [main] INFO [cdc.vdr.WorkerSelectionPage]  - Selecting Worker Check box
06-06-2017 10:38:46,899 [main] INFO [cdc.vdr.WorkerSelectionPage]  - Clicking Save Button
06-06-2017 10:38:46,995 [main] INFO [cdc.vdr.WorkerSelectionPage]  - Entering Source Country Embassy
06-06-2017 10:38:47,103 [main] INFO [olo.listeners.InvokedMethodListener]  - Test execution completed : testVDRFlow
06-06-2017 10:38:47,103 [main] INFO [olo.listeners.InvokedMethodListener]  - Test status : testVDRFlow : FAIL
]]></system-out>
  </testcase>
</testsuite>